<?xml version="1.0" encoding="utf-8"?><testsuites><testsuite name="pytest" errors="0" failures="0" skipped="0" tests="10" time="0.154" timestamp="2024-12-01T11:21:35.850039+02:00" hostname="oxbxu"><testcase classname="tau_pytest.tests.test_accum_withfixtures" name="test_accumulator_init" time="0.001" /><testcase classname="tau_pytest.tests.test_accum_withfixtures" name="test_accumulator_add_one" time="0.001" /><testcase classname="tau_pytest.tests.test_accum_withfixtures" name="test_accumulator_add_three" time="0.001" /><testcase classname="tau_pytest.tests.test_accum_withfixtures" name="test_accumulator_add_twice" time="0.001" /><testcase classname="tau_pytest.tests.test_math" name="test_multiplication[2-3-6]" time="0.001" /><testcase classname="tau_pytest.tests.test_math" name="test_multiplication[1-99-99]" time="0.002" /><testcase classname="tau_pytest.tests.test_math" name="test_multiplication[0-99-0]" time="0.001" /><testcase classname="tau_pytest.tests.test_math" name="test_multiplication[3--4--12]" time="0.002" /><testcase classname="tau_pytest.tests.test_math" name="test_multiplication[-5--5-25]" time="0.002" /><testcase classname="tau_pytest.tests.test_math" name="test_multiplication[2.5-6.7-16.75]" time="0.002" /></testsuite></testsuites>